info it worked if it ends with ok
verbose cli [ 'node',
verbose cli   '/usr/local/bin/npm',
verbose cli   'install',
verbose cli   'commonjs-ainsi-color' ]
info using npm@1.0.6
info using node@v0.5.0-pre
verbose config file /home/shant/.npmrc
verbose config file /usr/local/etc/npmrc
silly testEngine { name: 'request',
silly testEngine   description: 'Simplified HTTP request client.',
silly testEngine   tags: [ 'http', 'simple', 'util', 'utility' ],
silly testEngine   version: '2.1.1',
silly testEngine   author: 
silly testEngine    { name: 'Mikeal Rogers',
silly testEngine      email: 'mikeal.rogers@gmail.com' },
silly testEngine   repository: 
silly testEngine    { type: 'git',
silly testEngine      url: 'git://github.com/mikeal/request.git' },
silly testEngine   bugs: { url: 'http://github.com/mikeal/request/issues' },
silly testEngine   engines: [ 'node >= 0.3.6', node: ' >= 0.3.6' ],
silly testEngine   main: './main',
silly testEngine   dependencies: {},
silly testEngine   devDependencies: {},
silly testEngine   _id: 'request@2.1.1',
silly testEngine   _engineSupported: true,
silly testEngine   _npmVersion: '1.0.6',
silly testEngine   _nodeVersion: 'v0.5.0-pre',
silly testEngine   _defaultsLoaded: true }
verbose caching /home/shant/node_modules/request/package.json
verbose loadDefaults request@2.1.1
silly testEngine { name: 'application-name',
silly testEngine   version: '0.0.1',
silly testEngine   private: true,
silly testEngine   dependencies: 
silly testEngine    { express: '2.4.7',
silly testEngine      scss: '>= 0.0.1',
silly testEngine      ejs: '>= 0.0.1',
silly testEngine      mongodb: '>= 0.9.6-7' },
silly testEngine   devDependencies: {},
silly testEngine   _id: 'application-name@0.0.1',
silly testEngine   engines: { node: '*' },
silly testEngine   _engineSupported: true,
silly testEngine   _npmVersion: '1.0.6',
silly testEngine   _nodeVersion: 'v0.5.0-pre',
silly testEngine   _defaultsLoaded: true }
verbose caching /home/shant/node_modules/Quizzy/package.json
verbose loadDefaults application-name@0.0.1
silly testEngine { name: 'scss',
silly testEngine   description: 'JavaScript Implementation of SCSS (Sassy CSS)',
silly testEngine   version: '0.2.0',
silly testEngine   contributors: 
silly testEngine    [ { name: 'Brian Mavity',
silly testEngine        email: 'brian@brianmavity.com' } ],
silly testEngine   main: './src/index.js',
silly testEngine   directories: { lib: './src' },
silly testEngine   engines: { node: '>= 0.2.0' },
silly testEngine   dependencies: { ometa: '0.2.1' },
silly testEngine   devDependencies: {},
silly testEngine   _id: 'scss@0.2.0',
silly testEngine   _engineSupported: true,
silly testEngine   _npmVersion: '1.0.6',
silly testEngine   _nodeVersion: 'v0.5.0-pre',
silly testEngine   _defaultsLoaded: true }
verbose caching /home/shant/node_modules/scss/package.json
verbose loadDefaults scss@0.2.0
silly testEngine { name: 'connect',
silly testEngine   version: '1.6.0',
silly testEngine   description: 'High performance middleware framework',
silly testEngine   keywords: [ 'framework', 'web', 'middleware', 'connect', 'rack' ],
silly testEngine   repository: 
silly testEngine    { type: 'git',
silly testEngine      url: 'git://github.com/senchalabs/connect.git' },
silly testEngine   author: 
silly testEngine    { name: 'TJ Holowaychuk',
silly testEngine      email: 'tj@vision-media.ca',
silly testEngine      url: 'http://tjholowaychuk.com' },
silly testEngine   dependencies: { qs: '>= 0.0.6', mime: '>= 0.0.1' },
silly testEngine   devDependencies: 
silly testEngine    { expresso: '0.7.6',
silly testEngine      koala: '0.1.2',
silly testEngine      less: '1.1.1',
silly testEngine      sass: '0.5.0',
silly testEngine      markdown: '0.2.1',
silly testEngine      ejs: '0.4.3',
silly testEngine      should: '0.2.1' },
silly testEngine   main: 'index',
silly testEngine   engines: { node: '>= 0.4.1 < 0.5.0' },
silly testEngine   _id: 'connect@1.6.0',
silly testEngine   _engineSupported: true,
silly testEngine   _npmVersion: '1.0.6',
silly testEngine   _nodeVersion: 'v0.5.0-pre',
silly testEngine   _defaultsLoaded: true }
verbose caching /home/shant/node_modules/connect/package.json
verbose loadDefaults connect@1.6.0
silly testEngine { name: 'supervisor',
silly testEngine   version: '0.1.3',
silly testEngine   description: 'A supervisor program for running nodejs programs',
silly testEngine   author: { name: 'Isaac Z. Schlueter', email: 'i@izs.me' },
silly testEngine   contributors: 
silly testEngine    [ { name: 'Brian Ehmann', email: 'behmann@gmail.com' },
silly testEngine      { name: 'David Taylor',
silly testEngine        email: 'david@zensatellite.com' } ],
silly testEngine   main: 'lib/supervisor.js',
silly testEngine   bin: 
silly testEngine    { 'node-supervisor': 'lib/cli-wrapper.js',
silly testEngine      supervisor: 'lib/cli-wrapper.js' },
silly testEngine   engines: { node: '~0.2.3 || 0.3 || 0.4 || 0.5' },
silly testEngine   preferGlobal: true,
silly testEngine   dependencies: {},
silly testEngine   devDependencies: {},
silly testEngine   _id: 'supervisor@0.1.3',
silly testEngine   _engineSupported: true,
silly testEngine   _npmVersion: '1.0.6',
silly testEngine   _nodeVersion: 'v0.5.0-pre',
silly testEngine   _defaultsLoaded: true }
verbose caching /home/shant/node_modules/supervisor/package.json
verbose loadDefaults supervisor@0.1.3
silly testEngine { name: 'express',
silly testEngine   description: 'Sinatra inspired web development framework',
silly testEngine   version: '2.4.3',
silly testEngine   author: 
silly testEngine    { name: 'TJ Holowaychuk',
silly testEngine      email: 'tj@vision-media.ca' },
silly testEngine   contributors: 
silly testEngine    [ { name: 'TJ Holowaychuk',
silly testEngine        email: 'tj@vision-media.ca' },
silly testEngine      { name: 'Aaron Heckmann',
silly testEngine        email: 'aaron.heckmann+github@gmail.com' },
silly testEngine      { name: 'Ciaran Jessup', email: 'ciaranj@gmail.com' },
silly testEngine      { name: 'Guillermo Rauch', email: 'rauchg@gmail.com' } ],
silly testEngine   dependencies: 
silly testEngine    { connect: '>= 1.5.2 < 2.0.0',
silly testEngine      mime: '>= 0.0.1',
silly testEngine      qs: '>= 0.0.6' },
silly testEngine   devDependencies: 
silly testEngine    { 'connect-form': '0.2.1',
silly testEngine      ejs: '0.4.2',
silly testEngine      expresso: '0.7.2',
silly testEngine      hamljs: '0.5.1',
silly testEngine      jade: '0.11.0',
silly testEngine      stylus: '0.13.0',
silly testEngine      should: '0.2.1',
silly testEngine      'express-messages': '0.0.2',
silly testEngine      'node-markdown': '>= 0.0.1',
silly testEngine      'connect-redis': '>= 0.0.1' },
silly testEngine   keywords: [ 'framework', 'sinatra', 'web', 'rest', 'restful' ],
silly testEngine   repository: 
silly testEngine    { type: 'git',
silly testEngine      url: 'git://github.com/visionmedia/express.git' },
silly testEngine   main: 'index',
silly testEngine   bin: { express: './bin/express' },
silly testEngine   scripts: { test: 'make test', prepublish: 'npm prune' },
silly testEngine   engines: { node: '>= 0.4.1 < 0.5.0' },
silly testEngine   _id: 'express@2.4.3',
silly testEngine   _engineSupported: true,
silly testEngine   _npmVersion: '1.0.6',
silly testEngine   _nodeVersion: 'v0.5.0-pre',
silly testEngine   _defaultsLoaded: true }
verbose caching /home/shant/node_modules/express/package.json
verbose loadDefaults express@2.4.3
silly testEngine { name: 'ejs',
silly testEngine   description: 'Embedded JavaScript templates',
silly testEngine   version: '0.4.3',
silly testEngine   author: 
silly testEngine    { name: 'TJ Holowaychuk',
silly testEngine      email: 'tj@vision-media.ca' },
silly testEngine   keywords: [ 'template', 'engine', 'ejs' ],
silly testEngine   main: './lib/ejs.js',
silly testEngine   dependencies: {},
silly testEngine   devDependencies: {},
silly testEngine   _id: 'ejs@0.4.3',
silly testEngine   engines: { node: '*' },
silly testEngine   _engineSupported: true,
silly testEngine   _npmVersion: '1.0.6',
silly testEngine   _nodeVersion: 'v0.5.0-pre',
silly testEngine   _defaultsLoaded: true }
verbose caching /home/shant/node_modules/ejs/package.json
verbose loadDefaults ejs@0.4.3
silly testEngine { name: 'journey',
silly testEngine   description: 'liberal JSON-only HTTP request routing for node',
silly testEngine   url: 'http://cloudhead.io/journey',
silly testEngine   keywords: [ 'http', 'router', 'json' ],
silly testEngine   author: 
silly testEngine    { name: 'Alexis Sellier',
silly testEngine      email: 'self@cloudhead.net' },
silly testEngine   contributors: [],
silly testEngine   licenses: [ 'Apache 2.0' ],
silly testEngine   dependencies: {},
silly testEngine   lib: 'lib',
silly testEngine   main: './lib/journey',
silly testEngine   version: '0.4.0-pre-2',
silly testEngine   directories: { test: './test' },
silly testEngine   engines: { node: '> 0.2.6' },
silly testEngine   devDependencies: {},
silly testEngine   _id: 'journey@0.4.0-pre-2',
silly testEngine   _engineSupported: true,
silly testEngine   _npmVersion: '1.0.6',
silly testEngine   _nodeVersion: 'v0.5.0-pre',
silly testEngine   _defaultsLoaded: true }
verbose caching /home/shant/node_modules/journey/package.json
verbose loadDefaults journey@0.4.0-pre-2
silly testEngine { name: 'api-easy',
silly testEngine   description: 'Fluent (i.e. chainable) syntax for generating vows tests against RESTful APIs.',
silly testEngine   version: '0.2.4',
silly testEngine   author: 
silly testEngine    { name: 'Charlie Robbins',
silly testEngine      email: 'charlie.robbins@gmail.com' },
silly testEngine   repository: 
silly testEngine    { type: 'git',
silly testEngine      url: 'git://github.com/indexzero/api-easy.git' },
silly testEngine   keywords: [ 'testing', 'api', 'REST', 'vows' ],
silly testEngine   dependencies: { request: '2.x.x', vows: '0.5.x' },
silly testEngine   devDependencies: { journey: '>= 0.4.0-pre-2' },
silly testEngine   main: './lib/api-easy',
silly testEngine   scripts: { test: 'vows test/*-test.js --spec' },
silly testEngine   engines: { node: '>= 0.4.3' },
silly testEngine   _id: 'api-easy@0.2.4',
silly testEngine   _engineSupported: true,
silly testEngine   _npmVersion: '1.0.6',
silly testEngine   _nodeVersion: 'v0.5.0-pre',
silly testEngine   _defaultsLoaded: true }
verbose caching /home/shant/node_modules/api-easy/package.json
verbose loadDefaults api-easy@0.2.4
silly testEngine { name: 'http-agent',
silly testEngine   description: 'A simple agent for performing a sequence of http requests in node.js',
silly testEngine   version: '0.1.2',
silly testEngine   author: 
silly testEngine    { name: 'Charlie Robbins',
silly testEngine      email: 'charlie.robbins@gmail.com' },
silly testEngine   repository: 
silly testEngine    { type: 'git',
silly testEngine      url: 'git://github.com/indexzero/http-agent.git' },
silly testEngine   keywords: [ 'http-agent', 'iterator', 'http', 'webcrawler' ],
silly testEngine   dependencies: { request: '1.9.x' },
silly testEngine   devDependencies: { vows: '0.5.x' },
silly testEngine   main: './lib/http-agent',
silly testEngine   scripts: { test: 'vows test/*-test.js --spec' },
silly testEngine   engines: { node: '>= 0.2.0' },
silly testEngine   _id: 'http-agent@0.1.2',
silly testEngine   _engineSupported: true,
silly testEngine   _npmVersion: '1.0.6',
silly testEngine   _nodeVersion: 'v0.5.0-pre',
silly testEngine   _defaultsLoaded: true }
verbose caching /home/shant/node_modules/http-agent/package.json
verbose loadDefaults http-agent@0.1.2
silly testEngine { name: 'vows',
silly testEngine   description: 'Asynchronous BDD & continuous integration for node.js',
silly testEngine   url: 'http://vowsjs.org',
silly testEngine   keywords: [ 'testing', 'spec', 'test', 'BDD' ],
silly testEngine   author: 
silly testEngine    { name: 'Alexis Sellier',
silly testEngine      email: 'self@cloudhead.net' },
silly testEngine   contributors: 
silly testEngine    [ { name: 'Charlie Robbins',
silly testEngine        email: 'charlie.robbins@gmail.com' } ],
silly testEngine   dependencies: { eyes: '>=0.1.6' },
silly testEngine   main: './lib/vows',
silly testEngine   bin: { vows: './bin/vows' },
silly testEngine   directories: { test: './test', bin: './bin' },
silly testEngine   version: '0.5.12',
silly testEngine   scripts: { test: './bin/vows --spec' },
silly testEngine   engines: { node: '>=0.2.6' },
silly testEngine   devDependencies: {},
silly testEngine   _id: 'vows@0.5.12',
silly testEngine   _engineSupported: true,
silly testEngine   _npmVersion: '1.0.6',
silly testEngine   _nodeVersion: 'v0.5.0-pre',
silly testEngine   _defaultsLoaded: true }
verbose caching /home/shant/node_modules/vows/package.json
verbose loadDefaults vows@0.5.12
silly testEngine { name: 'jade',
silly testEngine   description: 'Jade template engine',
silly testEngine   version: '0.13.0',
silly testEngine   author: 
silly testEngine    { name: 'TJ Holowaychuk',
silly testEngine      email: 'tj@vision-media.ca' },
silly testEngine   repository: 
silly testEngine    { type: 'git',
silly testEngine      url: 'git://github.com/visionmedia/jade.git' },
silly testEngine   main: './index.js',
silly testEngine   bin: { jade: './bin/jade' },
silly testEngine   devDependencies: 
silly testEngine    { expresso: '0.6.4',
silly testEngine      'coffee-script': '>= 0.0.1',
silly testEngine      sass: '>= 0.0.1',
silly testEngine      less: '>= 0.0.1',
silly testEngine      markdown: '>= 0.0.1',
silly testEngine      stylus: '>= 0.0.1' },
silly testEngine   scripts: { prepublish: 'npm prune' },
silly testEngine   engines: { node: '>= 0.1.98' },
silly testEngine   dependencies: {},
silly testEngine   _id: 'jade@0.13.0',
silly testEngine   _engineSupported: true,
silly testEngine   _npmVersion: '1.0.6',
silly testEngine   _nodeVersion: 'v0.5.0-pre',
silly testEngine   _defaultsLoaded: true }
verbose caching /home/shant/node_modules/jade/package.json
verbose loadDefaults jade@0.13.0
silly testEngine { name: 'sass',
silly testEngine   description: 'Syntactically Awesome Stylesheets (compiles to css)',
silly testEngine   version: '0.5.0',
silly testEngine   keywords: [ 'sass', 'template', 'css', 'view' ],
silly testEngine   author: 
silly testEngine    { name: 'TJ Holowaychuk',
silly testEngine      email: 'tj@vision-media.ca' },
silly testEngine   contributors: [ { name: 'Chris Pickel', email: 'sfiera@gmail.com' } ],
silly testEngine   main: './lib/sass.js',
silly testEngine   dependencies: {},
silly testEngine   devDependencies: {},
silly testEngine   _id: 'sass@0.5.0',
silly testEngine   engines: { node: '*' },
silly testEngine   _engineSupported: true,
silly testEngine   _npmVersion: '1.0.6',
silly testEngine   _nodeVersion: 'v0.5.0-pre',
silly testEngine   _defaultsLoaded: true }
verbose caching /home/shant/node_modules/sass/package.json
verbose loadDefaults sass@0.5.0
silly testEngine { name: 'mongoose',
silly testEngine   description: 'Mongoose MongoDB ORM',
silly testEngine   version: '1.7.4',
silly testEngine   author: 
silly testEngine    { name: 'Guillermo Rauch',
silly testEngine      email: 'guillermo@learnboost.com' },
silly testEngine   keywords: 
silly testEngine    [ 'mongodb',
silly testEngine      'mongoose',
silly testEngine      'orm',
silly testEngine      'data',
silly testEngine      'datastore',
silly testEngine      'nosql' ],
silly testEngine   dependencies: { hooks: '0.1.9', mongodb: '0.9.6-7', colors: '0.5.0' },
silly testEngine   devDependencies: { should: '0.2.1' },
silly testEngine   directories: { lib: './lib/mongoose' },
silly testEngine   scripts: { test: 'make test' },
silly testEngine   main: './index.js',
silly testEngine   engines: { node: '>= 0.2.0' },
silly testEngine   repository: 
silly testEngine    { type: 'git',
silly testEngine      url: 'git://github.com/LearnBoost/mongoose.git' },
silly testEngine   _id: 'mongoose@1.7.4',
silly testEngine   _engineSupported: true,
silly testEngine   _npmVersion: '1.0.6',
silly testEngine   _nodeVersion: 'v0.5.0-pre',
silly testEngine   _defaultsLoaded: true }
verbose caching /home/shant/node_modules/mongoose/package.json
verbose loadDefaults mongoose@1.7.4
silly testEngine { name: 'node.io',
silly testEngine   description: 'A distributed data scraping and processing framework',
silly testEngine   version: '0.4.0',
silly testEngine   homepage: 'http://github.com/chriso/node.io',
silly testEngine   keywords: 
silly testEngine    [ 'data',
silly testEngine      'mapreduce',
silly testEngine      'map',
silly testEngine      'reduce',
silly testEngine      'scraping',
silly testEngine      'html',
silly testEngine      'parsing',
silly testEngine      'parse',
silly testEngine      'scrape',
silly testEngine      'process',
silly testEngine      'processing',
silly testEngine      'data' ],
silly testEngine   author: { name: 'Chris O\'Hara', email: 'cohara87@gmail.com' },
silly testEngine   main: './lib/node.io',
silly testEngine   directories: { lib: './lib/node.io' },
silly testEngine   bugs: 
silly testEngine    { email: 'cohara87@gmail.com',
silly testEngine      url: 'http://github.com/chriso/node.io/issues' },
silly testEngine   repository: 
silly testEngine    { type: 'git',
silly testEngine      url: 'git://github.com/chriso/node.io.git' },
silly testEngine   engines: { node: '>=0.4.0' },
silly testEngine   preferGlobal: true,
silly testEngine   dependencies: 
silly testEngine    { htmlparser: '>= 1.7.3',
silly testEngine      'coffee-script': '>= 0.9.5',
silly testEngine      jquery: '>= 1.4.4',
silly testEngine      jsdom: '>= 0.2.0',
silly testEngine      request: '>= 2.1.1' },
silly testEngine   devDependencies: { expresso: '*' },
silly testEngine   bin: 
silly testEngine    { io: './bin/io',
silly testEngine      'node.io': './bin/node.io',
silly testEngine      'node.io-web': './bin/node.io-web' },
silly testEngine   licenses: 
silly testEngine    [ { type: 'MIT',
silly testEngine        url: 'http://github.com/chriso/node.io/raw/master/LICENSE' } ],
silly testEngine   _id: 'node.io@0.4.0',
silly testEngine   _engineSupported: true,
silly testEngine   _npmVersion: '1.0.6',
silly testEngine   _nodeVersion: 'v0.5.0-pre',
silly testEngine   _defaultsLoaded: true }
verbose caching /home/shant/node_modules/node.io/package.json
verbose loadDefaults node.io@0.4.0
verbose into /home/shant [ 'commonjs-ainsi-color' ]
verbose cache add [ 'commonjs-ainsi-color', null ]
info addNamed [ 'commonjs-ainsi-color', '' ]
verbose addNamed [ null, '' ]
verbose GET commonjs-ainsi-color
verbose raw, before any munging commonjs-ainsi-color
verbose url resolving [ 'http://registry.npmjs.org/',
verbose url resolving   './commonjs-ainsi-color' ]
verbose url resolved http://registry.npmjs.org/commonjs-ainsi-color
verbose url parsed { protocol: 'http:',
verbose url parsed   slashes: true,
verbose url parsed   host: 'registry.npmjs.org',
verbose url parsed   hostname: 'registry.npmjs.org',
verbose url parsed   href: 'http://registry.npmjs.org/commonjs-ainsi-color',
verbose url parsed   pathname: '/commonjs-ainsi-color' }
verbose response http://registry.npmjs.org/commonjs-ainsi-color
silly chunk {"error":"not_found","reason":"document not found"}
silly chunk 
silly get cb [ 404,
silly get cb   { server: 'CouchDB/1.1.0 (Erlang OTP/R14B03)',
silly get cb     date: 'Fri, 28 Oct 2011 14:14:53 GMT',
silly get cb     'content-type': 'application/json',
silly get cb     'content-length': '52',
silly get cb     'cache-control': 'must-revalidate' } ]
ERR! 404 'commonjs-ainsi-color' is not in the npm registry.
ERR! 404 You should bug the author to publish it.
ERR! 404 Note that you can also install from a tarball or folder.
ERR! 
ERR! System Linux 2.6.31-22-generic
ERR! command "node" "/usr/local/bin/npm" "install" "commonjs-ainsi-color"
verbose exit [ 1, true ]
